Using pre-set license
Built from '2022.3/staging' branch; Version is '2022.3.15f1 (b58023a2b463) revision 11894819'; Using compiler version '192829333'; Build Type 'Release'
OS: 'Windows 11  (10.0.22631) 64bit Core' Language: 'en' Physical Memory: 24438 MB
BatchMode: 1, IsHumanControllingUs: 0, StartBugReporterOnCrash: 0, Is64bit: 1, IsPro: 1

COMMAND LINE ARGUMENTS:
C:\Program Files\Unity\Hub\Editor\2022.3.15f1\Editor\Unity.exe
-adb2
-batchMode
-noUpm
-name
AssetImportWorker2
-projectPath
C:/Users/owner/Dropbox/My PC (i7-gamer)/Documents/GitHub/vct-cointoss/Source
-logFile
Logs/AssetImportWorker2.log
-srvPort
51043
Successfully changed project path to: C:/Users/owner/Dropbox/My PC (i7-gamer)/Documents/GitHub/vct-cointoss/Source
C:/Users/owner/Dropbox/My PC (i7-gamer)/Documents/GitHub/vct-cointoss/Source
[UnityMemory] Configuration Parameters - Can be set up in boot.config
    "memorysetup-bucket-allocator-granularity=16"
    "memorysetup-bucket-allocator-bucket-count=8"
    "memorysetup-bucket-allocator-block-size=33554432"
    "memorysetup-bucket-allocator-block-count=8"
    "memorysetup-main-allocator-block-size=16777216"
    "memorysetup-thread-allocator-block-size=16777216"
    "memorysetup-gfx-main-allocator-block-size=16777216"
    "memorysetup-gfx-thread-allocator-block-size=16777216"
    "memorysetup-cache-allocator-block-size=4194304"
    "memorysetup-typetree-allocator-block-size=2097152"
    "memorysetup-profiler-bucket-allocator-granularity=16"
    "memorysetup-profiler-bucket-allocator-bucket-count=8"
    "memorysetup-profiler-bucket-allocator-block-size=33554432"
    "memorysetup-profiler-bucket-allocator-block-count=8"
    "memorysetup-profiler-allocator-block-size=16777216"
    "memorysetup-profiler-editor-allocator-block-size=1048576"
    "memorysetup-temp-allocator-size-main=16777216"
    "memorysetup-job-temp-allocator-block-size=2097152"
    "memorysetup-job-temp-allocator-block-size-background=1048576"
    "memorysetup-job-temp-allocator-reduction-small-platforms=262144"
    "memorysetup-allocator-temp-initial-block-size-main=262144"
    "memorysetup-allocator-temp-initial-block-size-worker=262144"
    "memorysetup-temp-allocator-size-background-worker=32768"
    "memorysetup-temp-allocator-size-job-worker=262144"
    "memorysetup-temp-allocator-size-preload-manager=33554432"
    "memorysetup-temp-allocator-size-nav-mesh-worker=65536"
    "memorysetup-temp-allocator-size-audio-worker=65536"
    "memorysetup-temp-allocator-size-cloud-worker=32768"
    "memorysetup-temp-allocator-size-gi-baking-worker=262144"
    "memorysetup-temp-allocator-size-gfx=262144"
Player connection [12520] Host "[IP] 192.168.1.25 [Port] 0 [Flags] 2 [Guid] 1021270933 [EditorId] 1021270933 [Version] 1048832 [Id] WindowsEditor(7,i7-gamer) [Debug] 1 [PackageName] WindowsEditor [ProjectName] Editor" joined multi-casting on [225.0.0.222:54997]...

Player connection [12520] Host "[IP] 192.168.1.25 [Port] 0 [Flags] 2 [Guid] 1021270933 [EditorId] 1021270933 [Version] 1048832 [Id] WindowsEditor(7,i7-gamer) [Debug] 1 [PackageName] WindowsEditor [ProjectName] Editor" joined alternative multi-casting on [225.0.0.222:34997]...

[Physics::Module] Initialized MultithreadedJobDispatcher with 11 workers.
Refreshing native plugins compatible for Editor in 10.59 ms, found 3 plugins.
Preloading 0 native plugins for Editor in 0.00 ms.
Initialize engine version: 2022.3.15f1 (b58023a2b463)
[Subsystems] Discovering subsystems at path C:/Program Files/Unity/Hub/Editor/2022.3.15f1/Editor/Data/Resources/UnitySubsystems
[Subsystems] Discovering subsystems at path C:/Users/owner/Dropbox/My PC (i7-gamer)/Documents/GitHub/vct-cointoss/Source/Assets
GfxDevice: creating device client; threaded=0; jobified=0
Direct3D:
    Version:  Direct3D 11.0 [level 11.1]
    Renderer: NVIDIA GeForce GTX 1660 (ID=0x2184)
    Vendor:   NVIDIA
    VRAM:     5981 MB
    Driver:   31.0.15.4601
Initialize mono
Mono path[0] = 'C:/Program Files/Unity/Hub/Editor/2022.3.15f1/Editor/Data/Managed'
Mono path[1] = 'C:/Program Files/Unity/Hub/Editor/2022.3.15f1/Editor/Data/MonoBleedingEdge/lib/mono/unityjit-win32'
Mono config path = 'C:/Program Files/Unity/Hub/Editor/2022.3.15f1/Editor/Data/MonoBleedingEdge/etc'
Using monoOptions --debugger-agent=transport=dt_socket,embedding=1,server=y,suspend=n,address=127.0.0.1:56788
Begin MonoManager ReloadAssembly
Registering precompiled unity dll's ...
Register platform support module: C:/Program Files/Unity/Hub/Editor/2022.3.15f1/Editor/Data/PlaybackEngines/WebGLSupport/UnityEditor.WebGL.Extensions.dll
Register platform support module: C:/Program Files/Unity/Hub/Editor/2022.3.15f1/Editor/Data/PlaybackEngines/WindowsStandaloneSupport/UnityEditor.WindowsStandalone.Extensions.dll
Registered in 0.011367 seconds.
- Loaded All Assemblies, in  0.453 seconds
Native extension for WindowsStandalone target not found
Native extension for WebGL target not found
Mono: successfully reloaded assembly
- Finished resetting the current domain, in  0.333 seconds
Domain Reload Profiling: 784ms
	BeginReloadAssembly (128ms)
		ExecutionOrderSort (0ms)
		DisableScriptedObjects (0ms)
		BackupInstance (0ms)
		ReleaseScriptingObjects (0ms)
		CreateAndSetChildDomain (1ms)
	RebuildCommonClasses (38ms)
	RebuildNativeTypeToScriptingClass (15ms)
	initialDomainReloadingComplete (69ms)
	LoadAllAssembliesAndSetupDomain (200ms)
		LoadAssemblies (126ms)
		RebuildTransferFunctionScriptingTraits (0ms)
		AnalyzeDomain (197ms)
			TypeCache.Refresh (196ms)
				TypeCache.ScanAssembly (178ms)
			ScanForSourceGeneratedMonoScriptInfo (0ms)
			ResolveRequiredComponents (0ms)
	FinalizeReload (334ms)
		ReleaseScriptCaches (0ms)
		RebuildScriptCaches (0ms)
		SetupLoadedEditorAssemblies (261ms)
			LogAssemblyErrors (0ms)
			InitializePlatformSupportModulesInManaged (11ms)
			SetLoadedEditorAssemblies (7ms)
			RefreshPlugins (0ms)
			BeforeProcessingInitializeOnLoad (3ms)
			ProcessInitializeOnLoadAttributes (184ms)
			ProcessInitializeOnLoadMethodAttributes (57ms)
			AfterProcessingInitializeOnLoad (0ms)
			EditorAssembliesLoaded (0ms)
		ExecutionOrderSort2 (0ms)
		AwakeInstancesAfterBackupRestoration (0ms)
========================================================================
Worker process is ready to serve import requests
Begin MonoManager ReloadAssembly
- Loaded All Assemblies, in  0.881 seconds
Refreshing native plugins compatible for Editor in 3.86 ms, found 3 plugins.
Native extension for WindowsStandalone target not found
Native extension for WebGL target not found
Package Manager log level set to [2]
[Package Manager] Server::EnsureServerProcessIsRunning -- launch failed, reason: Unity was launched with the -noUpm command-line argument
[Package Manager] UpmClient::Send -- Unable to send message (not connected to UPM process).
[Package Manager] Cannot connect to Unity Package Manager local server
Mono: successfully reloaded assembly
- Finished resetting the current domain, in  0.702 seconds
Domain Reload Profiling: 1579ms
	BeginReloadAssembly (196ms)
		ExecutionOrderSort (0ms)
		DisableScriptedObjects (7ms)
		BackupInstance (0ms)
		ReleaseScriptingObjects (0ms)
		CreateAndSetChildDomain (28ms)
	RebuildCommonClasses (45ms)
	RebuildNativeTypeToScriptingClass (15ms)
	initialDomainReloadingComplete (50ms)
	LoadAllAssembliesAndSetupDomain (570ms)
		LoadAssemblies (416ms)
		RebuildTransferFunctionScriptingTraits (0ms)
		AnalyzeDomain (268ms)
			TypeCache.Refresh (236ms)
				TypeCache.ScanAssembly (211ms)
			ScanForSourceGeneratedMonoScriptInfo (22ms)
			ResolveRequiredComponents (8ms)
	FinalizeReload (703ms)
		ReleaseScriptCaches (0ms)
		RebuildScriptCaches (0ms)
		SetupLoadedEditorAssemblies (510ms)
			LogAssemblyErrors (0ms)
			InitializePlatformSupportModulesInManaged (9ms)
			SetLoadedEditorAssemblies (3ms)
			RefreshPlugins (0ms)
			BeforeProcessingInitializeOnLoad (72ms)
			ProcessInitializeOnLoadAttributes (391ms)
			ProcessInitializeOnLoadMethodAttributes (25ms)
			AfterProcessingInitializeOnLoad (10ms)
			EditorAssembliesLoaded (0ms)
		ExecutionOrderSort2 (0ms)
		AwakeInstancesAfterBackupRestoration (11ms)
Launched and connected shader compiler UnityShaderCompiler.exe after 0.06 seconds
Refreshing native plugins compatible for Editor in 5.10 ms, found 3 plugins.
Preloading 0 native plugins for Editor in 0.00 ms.
Unloading 3224 Unused Serialized files (Serialized files now loaded: 0)
Unloading 32 unused Assets / (57.1 KB). Loaded Objects now: 3687.
Memory consumption went from 128.8 MB to 128.7 MB.
Total: 4.925400 ms (FindLiveObjects: 0.322300 ms CreateObjectMapping: 0.246000 ms MarkObjects: 4.207500 ms  DeleteObjects: 0.148300 ms)

AssetImportParameters requested are different than current active one (requested -> active):
  custom:container-demuxer-ogg: 62fdf1f143b41e24485cea50d1cbac27 -> 
  custom:video-decoder-ogg-theora: a1e56fd34408186e4bbccfd4996cb3dc -> 
  custom:framework-win-MediaFoundation: 216162199b28c13a410421893ffa2e32 -> 
  custom:CustomObjectIndexerAttribute: 43b350a4d6e6d1791af0b5038c4bea17 -> 
  custom:container-demuxer-webm: 4f35f7cbe854078d1ac9338744f61a02 -> 
  custom:container-muxer-webm: aa71ff27fc2769a1b78a27578f13a17b -> 
  custom:video-decoder-webm-vp8: 9c59270c3fd7afecdb556c50c9e8de78 -> 
  custom:SearchIndexIgnoredProperties: e643bd26f0fe6173181afceb89e7c659 -> 
  custom:AudioImporter_EditorPlatform: d09bf68614088b80899f8185d706f6e7 -> 
  custom:video-encoder-webm-vp8: eb34c28f22e8b96e1ab97ce403110664 -> 
  custom:audio-decoder-ogg-vorbis: bf7c407c2cedff20999df2af8eb42d56 -> 
  custom:audio-encoder-webm-vorbis: bf7c407c2cedff20999df2af8eb42d56 -> 
========================================================================
Received Import Request.
  Time since last request: 1981.407640 seconds.
  path: Assets/Team Coin Sprites/A_MIBR.png
  artifactKey: Guid(a58b4f837340c484fb52e833d8779686) Importer(815301076,1909f56bfc062723c751e8b465ee728b)
Start importing Assets/Team Coin Sprites/A_MIBR.png using Guid(a58b4f837340c484fb52e833d8779686) Importer(815301076,1909f56bfc062723c751e8b465ee728b)  -> (artifact id: '4ff3ab92bba185fec2cde9f000eadfa7') in 0.111105 seconds
Number of updated asset objects reloaded before import = 0
Number of asset objects unloaded after import = 3
========================================================================
Received Import Request.
  Time since last request: 0.000036 seconds.
  path: Assets/Team Coin Sprites/A_Leviatán.png
  artifactKey: Guid(f881e63babe0cff4eb7def323caa9a24) Importer(815301076,1909f56bfc062723c751e8b465ee728b)
Start importing Assets/Team Coin Sprites/A_Leviatán.png using Guid(f881e63babe0cff4eb7def323caa9a24) Importer(815301076,1909f56bfc062723c751e8b465ee728b)  -> (artifact id: '5cfcd3b2eaa86f1aaec0ab00a7d3cf9a') in 0.022133 seconds
Number of updated asset objects reloaded before import = 0
Number of asset objects unloaded after import = 3
========================================================================
Received Import Request.
  Time since last request: 0.000013 seconds.
  path: Assets/Team Coin Sprites/C_EDward Gaming.png
  artifactKey: Guid(6677a7f66608fef4184894949ec1cfbf) Importer(815301076,1909f56bfc062723c751e8b465ee728b)
Start importing Assets/Team Coin Sprites/C_EDward Gaming.png using Guid(6677a7f66608fef4184894949ec1cfbf) Importer(815301076,1909f56bfc062723c751e8b465ee728b)  -> (artifact id: 'c0384d5380e140f7f6c622192a21ddd5') in 0.021654 seconds
Number of updated asset objects reloaded before import = 0
Number of asset objects unloaded after import = 3
========================================================================
Received Import Request.
  Time since last request: 0.000016 seconds.
  path: Assets/Team Coin Sprites/A_Sentinels.png
  artifactKey: Guid(8d4041b2a5a2edd48b5aafc671de553a) Importer(815301076,1909f56bfc062723c751e8b465ee728b)
Start importing Assets/Team Coin Sprites/A_Sentinels.png using Guid(8d4041b2a5a2edd48b5aafc671de553a) Importer(815301076,1909f56bfc062723c751e8b465ee728b)  -> (artifact id: 'f241e380aa483817b4a96b7122bb3f44') in 0.021942 seconds
Number of updated asset objects reloaded before import = 0
Number of asset objects unloaded after import = 3
========================================================================
Received Import Request.
  Time since last request: 0.000023 seconds.
  path: Assets/Team Sprites/A_FURIA.png
  artifactKey: Guid(8cc58675424c9bd4792211a1f2de5691) Importer(815301076,1909f56bfc062723c751e8b465ee728b)
Start importing Assets/Team Sprites/A_FURIA.png using Guid(8cc58675424c9bd4792211a1f2de5691) Importer(815301076,1909f56bfc062723c751e8b465ee728b)  -> (artifact id: '4578ea972975a362cef087baad64079e') in 0.021854 seconds
Number of updated asset objects reloaded before import = 0
Number of asset objects unloaded after import = 3
========================================================================
Received Import Request.
  Time since last request: 0.000014 seconds.
  path: Assets/Team Sprites/A_NRG Esports.png
  artifactKey: Guid(7be251f3077bdbf42bfdc36d161854cf) Importer(815301076,1909f56bfc062723c751e8b465ee728b)
Start importing Assets/Team Sprites/A_NRG Esports.png using Guid(7be251f3077bdbf42bfdc36d161854cf) Importer(815301076,1909f56bfc062723c751e8b465ee728b)  -> (artifact id: 'fbeefc9aefcc8f65da7cd5678d923973') in 0.020057 seconds
Number of updated asset objects reloaded before import = 0
Number of asset objects unloaded after import = 3
========================================================================
Received Import Request.
  Time since last request: 0.000015 seconds.
  path: Assets/Team Sprites/C_Bilibili Gaming.png
  artifactKey: Guid(59999b66cfe79bc4eba5baac95f2f156) Importer(815301076,1909f56bfc062723c751e8b465ee728b)
Start importing Assets/Team Sprites/C_Bilibili Gaming.png using Guid(59999b66cfe79bc4eba5baac95f2f156) Importer(815301076,1909f56bfc062723c751e8b465ee728b)  -> (artifact id: 'e12f057c50f8f129a7e7fd9e71a24b92') in 0.021476 seconds
Number of updated asset objects reloaded before import = 0
Number of asset objects unloaded after import = 3
========================================================================
Received Import Request.
  Time since last request: 0.000023 seconds.
  path: Assets/Team Sprites/A_Cloud9.png
  artifactKey: Guid(e513e4a9e5e049e418f081d92ce0a03d) Importer(815301076,1909f56bfc062723c751e8b465ee728b)
Start importing Assets/Team Sprites/A_Cloud9.png using Guid(e513e4a9e5e049e418f081d92ce0a03d) Importer(815301076,1909f56bfc062723c751e8b465ee728b)  -> (artifact id: 'f08454badd83fb0794ab086af4ed05a9') in 0.020743 seconds
Number of updated asset objects reloaded before import = 0
Number of asset objects unloaded after import = 3
========================================================================
Received Import Request.
  Time since last request: 0.000014 seconds.
  path: Assets/Team Sprites/A_Leviatán.png
  artifactKey: Guid(8ec14b1b84a08b442ba6ef765bf326c7) Importer(815301076,1909f56bfc062723c751e8b465ee728b)
Start importing Assets/Team Sprites/A_Leviatán.png using Guid(8ec14b1b84a08b442ba6ef765bf326c7) Importer(815301076,1909f56bfc062723c751e8b465ee728b)  -> (artifact id: '37ce264322005b3eb97dee82380fc162') in 0.022090 seconds
Number of updated asset objects reloaded before import = 0
Number of asset objects unloaded after import = 3
========================================================================
Received Import Request.
  Time since last request: 0.000021 seconds.
  path: Assets/Team Coin Sprites/C_Dragon Ranger Gaming.png
  artifactKey: Guid(7d446e7fde789e3429ce8dafbac2290b) Importer(815301076,1909f56bfc062723c751e8b465ee728b)
Start importing Assets/Team Coin Sprites/C_Dragon Ranger Gaming.png using Guid(7d446e7fde789e3429ce8dafbac2290b) Importer(815301076,1909f56bfc062723c751e8b465ee728b)  -> (artifact id: '297a50f0097c5cb5d21d2197779d5976') in 0.024407 seconds
Number of updated asset objects reloaded before import = 0
Number of asset objects unloaded after import = 3
========================================================================
Received Import Request.
  Time since last request: 0.000023 seconds.
  path: Assets/Team Sprites/A_KRÜ Esports.png
  artifactKey: Guid(85eefa8e8291adf49934bb81775b309f) Importer(815301076,1909f56bfc062723c751e8b465ee728b)
Start importing Assets/Team Sprites/A_KRÜ Esports.png using Guid(85eefa8e8291adf49934bb81775b309f) Importer(815301076,1909f56bfc062723c751e8b465ee728b)  -> (artifact id: '2337828201c1724965e5e47b49ddd731') in 0.019668 seconds
Number of updated asset objects reloaded before import = 0
Number of asset objects unloaded after import = 3
========================================================================
Received Prepare
Refreshing native plugins compatible for Editor in 3.91 ms, found 3 plugins.
Preloading 0 native plugins for Editor in 0.00 ms.
Unloading 0 Unused Serialized files (Serialized files now loaded: 0)
Unloading 1 unused Assets / (0.8 KB). Loaded Objects now: 3694.
Memory consumption went from 79.4 MB to 79.4 MB.
Total: 3.584600 ms (FindLiveObjects: 0.234100 ms CreateObjectMapping: 0.165000 ms MarkObjects: 3.161100 ms  DeleteObjects: 0.023000 ms)

Prepare: number of updated asset objects reloaded= 0
AssetImportParameters requested are different than current active one (requested -> active):
  custom:container-demuxer-ogg: 62fdf1f143b41e24485cea50d1cbac27 -> 
  custom:video-decoder-ogg-theora: a1e56fd34408186e4bbccfd4996cb3dc -> 
  custom:framework-win-MediaFoundation: 216162199b28c13a410421893ffa2e32 -> 
  custom:CustomObjectIndexerAttribute: 43b350a4d6e6d1791af0b5038c4bea17 -> 
  custom:container-demuxer-webm: 4f35f7cbe854078d1ac9338744f61a02 -> 
  custom:container-muxer-webm: aa71ff27fc2769a1b78a27578f13a17b -> 
  custom:video-decoder-webm-vp8: 9c59270c3fd7afecdb556c50c9e8de78 -> 
  custom:SearchIndexIgnoredProperties: e643bd26f0fe6173181afceb89e7c659 -> 
  custom:AudioImporter_EditorPlatform: d09bf68614088b80899f8185d706f6e7 -> 
  custom:video-encoder-webm-vp8: eb34c28f22e8b96e1ab97ce403110664 -> 
  custom:audio-decoder-ogg-vorbis: bf7c407c2cedff20999df2af8eb42d56 -> 
  custom:audio-encoder-webm-vorbis: bf7c407c2cedff20999df2af8eb42d56 -> 
========================================================================
Received Import Request.
  Time since last request: 52.766643 seconds.
  path: Assets/Team Sprites/C_TYLOO.png
  artifactKey: Guid(35eb4a2f7be0d4b4ca0ea83d798aafeb) Importer(815301076,1909f56bfc062723c751e8b465ee728b)
Start importing Assets/Team Sprites/C_TYLOO.png using Guid(35eb4a2f7be0d4b4ca0ea83d798aafeb) Importer(815301076,1909f56bfc062723c751e8b465ee728b)  -> (artifact id: '96cd9097ac0239879c636782e4995b4a') in 0.026768 seconds
Number of updated asset objects reloaded before import = 0
Number of asset objects unloaded after import = 3
========================================================================
Received Import Request.
  Time since last request: 0.000031 seconds.
  path: Assets/Team Sprites/E_Team Vitality.png
  artifactKey: Guid(9b28879d99a28cd42a529ab8da27d893) Importer(815301076,1909f56bfc062723c751e8b465ee728b)
Start importing Assets/Team Sprites/E_Team Vitality.png using Guid(9b28879d99a28cd42a529ab8da27d893) Importer(815301076,1909f56bfc062723c751e8b465ee728b)  -> (artifact id: '04adf756fec6f32ddca10c10f034c1bc') in 0.022185 seconds
Number of updated asset objects reloaded before import = 0
Number of asset objects unloaded after import = 3
========================================================================
Received Import Request.
  Time since last request: 0.000138 seconds.
  path: Assets/Team Coin Sprites/P_DRX.png
  artifactKey: Guid(5d52d916014fcc74abd0c74f128f084b) Importer(815301076,1909f56bfc062723c751e8b465ee728b)
Start importing Assets/Team Coin Sprites/P_DRX.png using Guid(5d52d916014fcc74abd0c74f128f084b) Importer(815301076,1909f56bfc062723c751e8b465ee728b)  -> (artifact id: '5b15430ca87f701af0af51a4314d1c6c') in 0.022008 seconds
Number of updated asset objects reloaded before import = 0
Number of asset objects unloaded after import = 3
========================================================================
Received Import Request.
  Time since last request: 0.000017 seconds.
  path: Assets/Team Coin Sprites/E_Team Liquid.png
  artifactKey: Guid(715418103ce432944beb9d50d7227820) Importer(815301076,1909f56bfc062723c751e8b465ee728b)
Start importing Assets/Team Coin Sprites/E_Team Liquid.png using Guid(715418103ce432944beb9d50d7227820) Importer(815301076,1909f56bfc062723c751e8b465ee728b)  -> (artifact id: '7ce910185d73076e0f9d74828a00143f') in 0.023584 seconds
Number of updated asset objects reloaded before import = 0
Number of asset objects unloaded after import = 3
========================================================================
Received Import Request.
  Time since last request: 0.000020 seconds.
  path: Assets/Team Sprites/P_DRX.png
  artifactKey: Guid(03556d955e3f74c49af6bb1a82b4f964) Importer(815301076,1909f56bfc062723c751e8b465ee728b)
Start importing Assets/Team Sprites/P_DRX.png using Guid(03556d955e3f74c49af6bb1a82b4f964) Importer(815301076,1909f56bfc062723c751e8b465ee728b)  -> (artifact id: '360a73cb7e59d4886511f1e459cbfcc0') in 0.022949 seconds
Number of updated asset objects reloaded before import = 0
Number of asset objects unloaded after import = 3
========================================================================
Received Import Request.
  Time since last request: 0.000026 seconds.
  path: Assets/Team Sprites/E_Natus Vincere.png
  artifactKey: Guid(30186a3bc1abb9b4dbdb129602100ec3) Importer(815301076,1909f56bfc062723c751e8b465ee728b)
Start importing Assets/Team Sprites/E_Natus Vincere.png using Guid(30186a3bc1abb9b4dbdb129602100ec3) Importer(815301076,1909f56bfc062723c751e8b465ee728b)  -> (artifact id: '871dc1c578c956c1c332652caad355cb') in 0.021451 seconds
Number of updated asset objects reloaded before import = 0
Number of asset objects unloaded after import = 3
========================================================================
Received Import Request.
  Time since last request: 0.000013 seconds.
  path: Assets/Team Coin Sprites/E_GIANTX.png
  artifactKey: Guid(93330286266fd8a49a70d828010d85ec) Importer(815301076,1909f56bfc062723c751e8b465ee728b)
Start importing Assets/Team Coin Sprites/E_GIANTX.png using Guid(93330286266fd8a49a70d828010d85ec) Importer(815301076,1909f56bfc062723c751e8b465ee728b)  -> (artifact id: 'd1f22a80f74276a214dd045cade70740') in 0.022325 seconds
Number of updated asset objects reloaded before import = 0
Number of asset objects unloaded after import = 3
========================================================================
Received Import Request.
  Time since last request: 0.000024 seconds.
  path: Assets/Team Sprites/E_Team Heretics.png
  artifactKey: Guid(fdeaded0f0e8af047b689dac68afc23c) Importer(815301076,1909f56bfc062723c751e8b465ee728b)
Start importing Assets/Team Sprites/E_Team Heretics.png using Guid(fdeaded0f0e8af047b689dac68afc23c) Importer(815301076,1909f56bfc062723c751e8b465ee728b)  -> (artifact id: '67af721248b68e129141803010eaa2f0') in 0.022320 seconds
Number of updated asset objects reloaded before import = 0
Number of asset objects unloaded after import = 3
========================================================================
Received Import Request.
  Time since last request: 0.000016 seconds.
  path: Assets/Team Coin Sprites/E_Team Vitality.png
  artifactKey: Guid(be187b1d6b8824a42a4701ae5abdeefc) Importer(815301076,1909f56bfc062723c751e8b465ee728b)
Start importing Assets/Team Coin Sprites/E_Team Vitality.png using Guid(be187b1d6b8824a42a4701ae5abdeefc) Importer(815301076,1909f56bfc062723c751e8b465ee728b)  -> (artifact id: '0ae7dc404e084441899ffec89de0eb89') in 0.021905 seconds
Number of updated asset objects reloaded before import = 0
Number of asset objects unloaded after import = 3
========================================================================
Received Prepare
Refreshing native plugins compatible for Editor in 5.72 ms, found 3 plugins.
Preloading 0 native plugins for Editor in 0.00 ms.
Unloading 0 Unused Serialized files (Serialized files now loaded: 0)
Unloading 1 unused Assets / (0.8 KB). Loaded Objects now: 3694.
Memory consumption went from 79.5 MB to 79.5 MB.
Total: 7.563500 ms (FindLiveObjects: 0.298500 ms CreateObjectMapping: 0.253300 ms MarkObjects: 6.896800 ms  DeleteObjects: 0.112800 ms)

Prepare: number of updated asset objects reloaded= 0
AssetImportParameters requested are different than current active one (requested -> active):
  custom:container-demuxer-ogg: 62fdf1f143b41e24485cea50d1cbac27 -> 
  custom:video-decoder-ogg-theora: a1e56fd34408186e4bbccfd4996cb3dc -> 
  custom:framework-win-MediaFoundation: 216162199b28c13a410421893ffa2e32 -> 
  custom:CustomObjectIndexerAttribute: 43b350a4d6e6d1791af0b5038c4bea17 -> 
  custom:container-demuxer-webm: 4f35f7cbe854078d1ac9338744f61a02 -> 
  custom:container-muxer-webm: aa71ff27fc2769a1b78a27578f13a17b -> 
  custom:video-decoder-webm-vp8: 9c59270c3fd7afecdb556c50c9e8de78 -> 
  custom:SearchIndexIgnoredProperties: e643bd26f0fe6173181afceb89e7c659 -> 
  custom:AudioImporter_EditorPlatform: d09bf68614088b80899f8185d706f6e7 -> 
  custom:video-encoder-webm-vp8: eb34c28f22e8b96e1ab97ce403110664 -> 
  custom:audio-decoder-ogg-vorbis: bf7c407c2cedff20999df2af8eb42d56 -> 
  custom:audio-encoder-webm-vorbis: bf7c407c2cedff20999df2af8eb42d56 -> 
========================================================================
Received Import Request.
  Time since last request: 30.154048 seconds.
  path: Assets/Team Sprites/C_Nova Esports.png
  artifactKey: Guid(3be2fbb3731d946439722fc7fa6c14e2) Importer(815301076,1909f56bfc062723c751e8b465ee728b)
Start importing Assets/Team Sprites/C_Nova Esports.png using Guid(3be2fbb3731d946439722fc7fa6c14e2) Importer(815301076,1909f56bfc062723c751e8b465ee728b)  -> (artifact id: 'eb4e05b41f064050e496c2499267a17d') in 0.029144 seconds
Number of updated asset objects reloaded before import = 0
Number of asset objects unloaded after import = 3
========================================================================
Received Import Request.
  Time since last request: 0.000014 seconds.
  path: Assets/Team Coin Sprites/C_TYLOO.png
  artifactKey: Guid(d672a30efa2287f4a8979f93221c7ff1) Importer(815301076,1909f56bfc062723c751e8b465ee728b)
Start importing Assets/Team Coin Sprites/C_TYLOO.png using Guid(d672a30efa2287f4a8979f93221c7ff1) Importer(815301076,1909f56bfc062723c751e8b465ee728b)  -> (artifact id: '0981b8e6533cbb9326c67c7b380e555d') in 0.021674 seconds
Number of updated asset objects reloaded before import = 0
Number of asset objects unloaded after import = 3
========================================================================
Received Prepare
Refreshing native plugins compatible for Editor in 5.09 ms, found 3 plugins.
Preloading 0 native plugins for Editor in 0.00 ms.
Unloading 0 Unused Serialized files (Serialized files now loaded: 0)
Unloading 1 unused Assets / (0.8 KB). Loaded Objects now: 3694.
Memory consumption went from 79.5 MB to 79.5 MB.
Total: 5.113400 ms (FindLiveObjects: 0.381700 ms CreateObjectMapping: 0.334800 ms MarkObjects: 4.376100 ms  DeleteObjects: 0.020000 ms)

Prepare: number of updated asset objects reloaded= 0
AssetImportParameters requested are different than current active one (requested -> active):
  custom:container-demuxer-ogg: 62fdf1f143b41e24485cea50d1cbac27 -> 
  custom:video-decoder-ogg-theora: a1e56fd34408186e4bbccfd4996cb3dc -> 
  custom:framework-win-MediaFoundation: 216162199b28c13a410421893ffa2e32 -> 
  custom:CustomObjectIndexerAttribute: 43b350a4d6e6d1791af0b5038c4bea17 -> 
  custom:container-demuxer-webm: 4f35f7cbe854078d1ac9338744f61a02 -> 
  custom:container-muxer-webm: aa71ff27fc2769a1b78a27578f13a17b -> 
  custom:video-decoder-webm-vp8: 9c59270c3fd7afecdb556c50c9e8de78 -> 
  custom:SearchIndexIgnoredProperties: e643bd26f0fe6173181afceb89e7c659 -> 
  custom:AudioImporter_EditorPlatform: d09bf68614088b80899f8185d706f6e7 -> 
  custom:video-encoder-webm-vp8: eb34c28f22e8b96e1ab97ce403110664 -> 
  custom:audio-decoder-ogg-vorbis: bf7c407c2cedff20999df2af8eb42d56 -> 
  custom:audio-encoder-webm-vorbis: bf7c407c2cedff20999df2af8eb42d56 -> 
Editor requested this worker to shutdown with reason: Scaling down because of idle timeout
TcpMessagingSession - receive error: operation aborted. errorcode: 995, details: The I/O operation has been aborted because of either a thread exit or an application request.
AssetImportWorker is now disconnected from the server
Process exiting
Exiting without the bug reporter. Application will terminate with return code 0