Using pre-set license
Built from '2022.3/staging' branch; Version is '2022.3.15f1 (b58023a2b463) revision 11894819'; Using compiler version '192829333'; Build Type 'Release'
OS: 'Windows 11  (10.0.22631) 64bit Core' Language: 'en' Physical Memory: 24438 MB
BatchMode: 1, IsHumanControllingUs: 0, StartBugReporterOnCrash: 0, Is64bit: 1, IsPro: 1

COMMAND LINE ARGUMENTS:
C:\Program Files\Unity\Hub\Editor\2022.3.15f1\Editor\Unity.exe
-adb2
-batchMode
-noUpm
-name
AssetImportWorker1
-projectPath
C:/Users/owner/Dropbox/My PC (i7-gamer)/Documents/GitHub/vct-cointoss/Source
-logFile
Logs/AssetImportWorker1.log
-srvPort
51043
Successfully changed project path to: C:/Users/owner/Dropbox/My PC (i7-gamer)/Documents/GitHub/vct-cointoss/Source
C:/Users/owner/Dropbox/My PC (i7-gamer)/Documents/GitHub/vct-cointoss/Source
[UnityMemory] Configuration Parameters - Can be set up in boot.config
    "memorysetup-bucket-allocator-granularity=16"
    "memorysetup-bucket-allocator-bucket-count=8"
    "memorysetup-bucket-allocator-block-size=33554432"
    "memorysetup-bucket-allocator-block-count=8"
    "memorysetup-main-allocator-block-size=16777216"
    "memorysetup-thread-allocator-block-size=16777216"
    "memorysetup-gfx-main-allocator-block-size=16777216"
    "memorysetup-gfx-thread-allocator-block-size=16777216"
    "memorysetup-cache-allocator-block-size=4194304"
    "memorysetup-typetree-allocator-block-size=2097152"
    "memorysetup-profiler-bucket-allocator-granularity=16"
    "memorysetup-profiler-bucket-allocator-bucket-count=8"
    "memorysetup-profiler-bucket-allocator-block-size=33554432"
    "memorysetup-profiler-bucket-allocator-block-count=8"
    "memorysetup-profiler-allocator-block-size=16777216"
    "memorysetup-profiler-editor-allocator-block-size=1048576"
    "memorysetup-temp-allocator-size-main=16777216"
    "memorysetup-job-temp-allocator-block-size=2097152"
    "memorysetup-job-temp-allocator-block-size-background=1048576"
    "memorysetup-job-temp-allocator-reduction-small-platforms=262144"
    "memorysetup-allocator-temp-initial-block-size-main=262144"
    "memorysetup-allocator-temp-initial-block-size-worker=262144"
    "memorysetup-temp-allocator-size-background-worker=32768"
    "memorysetup-temp-allocator-size-job-worker=262144"
    "memorysetup-temp-allocator-size-preload-manager=33554432"
    "memorysetup-temp-allocator-size-nav-mesh-worker=65536"
    "memorysetup-temp-allocator-size-audio-worker=65536"
    "memorysetup-temp-allocator-size-cloud-worker=32768"
    "memorysetup-temp-allocator-size-gi-baking-worker=262144"
    "memorysetup-temp-allocator-size-gfx=262144"
Player connection [7228] Host "[IP] 192.168.1.25 [Port] 0 [Flags] 2 [Guid] 629223430 [EditorId] 629223430 [Version] 1048832 [Id] WindowsEditor(7,i7-gamer) [Debug] 1 [PackageName] WindowsEditor [ProjectName] Editor" joined multi-casting on [225.0.0.222:54997]...

Player connection [7228] Host "[IP] 192.168.1.25 [Port] 0 [Flags] 2 [Guid] 629223430 [EditorId] 629223430 [Version] 1048832 [Id] WindowsEditor(7,i7-gamer) [Debug] 1 [PackageName] WindowsEditor [ProjectName] Editor" joined alternative multi-casting on [225.0.0.222:34997]...

[Physics::Module] Initialized MultithreadedJobDispatcher with 11 workers.
Refreshing native plugins compatible for Editor in 10.74 ms, found 3 plugins.
Preloading 0 native plugins for Editor in 0.00 ms.
Initialize engine version: 2022.3.15f1 (b58023a2b463)
[Subsystems] Discovering subsystems at path C:/Program Files/Unity/Hub/Editor/2022.3.15f1/Editor/Data/Resources/UnitySubsystems
[Subsystems] Discovering subsystems at path C:/Users/owner/Dropbox/My PC (i7-gamer)/Documents/GitHub/vct-cointoss/Source/Assets
GfxDevice: creating device client; threaded=0; jobified=0
Direct3D:
    Version:  Direct3D 11.0 [level 11.1]
    Renderer: NVIDIA GeForce GTX 1660 (ID=0x2184)
    Vendor:   NVIDIA
    VRAM:     5981 MB
    Driver:   31.0.15.4601
Initialize mono
Mono path[0] = 'C:/Program Files/Unity/Hub/Editor/2022.3.15f1/Editor/Data/Managed'
Mono path[1] = 'C:/Program Files/Unity/Hub/Editor/2022.3.15f1/Editor/Data/MonoBleedingEdge/lib/mono/unityjit-win32'
Mono config path = 'C:/Program Files/Unity/Hub/Editor/2022.3.15f1/Editor/Data/MonoBleedingEdge/etc'
Using monoOptions --debugger-agent=transport=dt_socket,embedding=1,server=y,suspend=n,address=127.0.0.1:56916
Begin MonoManager ReloadAssembly
Registering precompiled unity dll's ...
Register platform support module: C:/Program Files/Unity/Hub/Editor/2022.3.15f1/Editor/Data/PlaybackEngines/WebGLSupport/UnityEditor.WebGL.Extensions.dll
Register platform support module: C:/Program Files/Unity/Hub/Editor/2022.3.15f1/Editor/Data/PlaybackEngines/WindowsStandaloneSupport/UnityEditor.WindowsStandalone.Extensions.dll
Registered in 0.011299 seconds.
- Loaded All Assemblies, in  0.456 seconds
Native extension for WindowsStandalone target not found
Native extension for WebGL target not found
Mono: successfully reloaded assembly
- Finished resetting the current domain, in  0.329 seconds
Domain Reload Profiling: 783ms
	BeginReloadAssembly (128ms)
		ExecutionOrderSort (0ms)
		DisableScriptedObjects (0ms)
		BackupInstance (0ms)
		ReleaseScriptingObjects (0ms)
		CreateAndSetChildDomain (1ms)
	RebuildCommonClasses (41ms)
	RebuildNativeTypeToScriptingClass (16ms)
	initialDomainReloadingComplete (70ms)
	LoadAllAssembliesAndSetupDomain (199ms)
		LoadAssemblies (125ms)
		RebuildTransferFunctionScriptingTraits (0ms)
		AnalyzeDomain (197ms)
			TypeCache.Refresh (196ms)
				TypeCache.ScanAssembly (178ms)
			ScanForSourceGeneratedMonoScriptInfo (0ms)
			ResolveRequiredComponents (0ms)
	FinalizeReload (330ms)
		ReleaseScriptCaches (0ms)
		RebuildScriptCaches (0ms)
		SetupLoadedEditorAssemblies (261ms)
			LogAssemblyErrors (0ms)
			InitializePlatformSupportModulesInManaged (11ms)
			SetLoadedEditorAssemblies (7ms)
			RefreshPlugins (0ms)
			BeforeProcessingInitializeOnLoad (3ms)
			ProcessInitializeOnLoadAttributes (178ms)
			ProcessInitializeOnLoadMethodAttributes (62ms)
			AfterProcessingInitializeOnLoad (0ms)
			EditorAssembliesLoaded (0ms)
		ExecutionOrderSort2 (0ms)
		AwakeInstancesAfterBackupRestoration (0ms)
========================================================================
Worker process is ready to serve import requests
Begin MonoManager ReloadAssembly
- Loaded All Assemblies, in  0.878 seconds
Refreshing native plugins compatible for Editor in 5.95 ms, found 3 plugins.
Native extension for WindowsStandalone target not found
Native extension for WebGL target not found
Package Manager log level set to [2]
[Package Manager] Server::EnsureServerProcessIsRunning -- launch failed, reason: Unity was launched with the -noUpm command-line argument
[Package Manager] UpmClient::Send -- Unable to send message (not connected to UPM process).
[Package Manager] Cannot connect to Unity Package Manager local server
Mono: successfully reloaded assembly
- Finished resetting the current domain, in  0.690 seconds
Domain Reload Profiling: 1564ms
	BeginReloadAssembly (191ms)
		ExecutionOrderSort (0ms)
		DisableScriptedObjects (6ms)
		BackupInstance (0ms)
		ReleaseScriptingObjects (0ms)
		CreateAndSetChildDomain (29ms)
	RebuildCommonClasses (42ms)
	RebuildNativeTypeToScriptingClass (14ms)
	initialDomainReloadingComplete (52ms)
	LoadAllAssembliesAndSetupDomain (576ms)
		LoadAssemblies (417ms)
		RebuildTransferFunctionScriptingTraits (0ms)
		AnalyzeDomain (268ms)
			TypeCache.Refresh (238ms)
				TypeCache.ScanAssembly (212ms)
			ScanForSourceGeneratedMonoScriptInfo (21ms)
			ResolveRequiredComponents (7ms)
	FinalizeReload (690ms)
		ReleaseScriptCaches (0ms)
		RebuildScriptCaches (0ms)
		SetupLoadedEditorAssemblies (505ms)
			LogAssemblyErrors (0ms)
			InitializePlatformSupportModulesInManaged (9ms)
			SetLoadedEditorAssemblies (4ms)
			RefreshPlugins (0ms)
			BeforeProcessingInitializeOnLoad (70ms)
			ProcessInitializeOnLoadAttributes (389ms)
			ProcessInitializeOnLoadMethodAttributes (24ms)
			AfterProcessingInitializeOnLoad (10ms)
			EditorAssembliesLoaded (0ms)
		ExecutionOrderSort2 (0ms)
		AwakeInstancesAfterBackupRestoration (10ms)
Launched and connected shader compiler UnityShaderCompiler.exe after 0.06 seconds
Refreshing native plugins compatible for Editor in 4.41 ms, found 3 plugins.
Preloading 0 native plugins for Editor in 0.00 ms.
Unloading 3224 Unused Serialized files (Serialized files now loaded: 0)
Unloading 32 unused Assets / (57.0 KB). Loaded Objects now: 3687.
Memory consumption went from 128.8 MB to 128.7 MB.
Total: 3.847000 ms (FindLiveObjects: 0.254400 ms CreateObjectMapping: 0.219900 ms MarkObjects: 3.261800 ms  DeleteObjects: 0.109900 ms)

AssetImportParameters requested are different than current active one (requested -> active):
  custom:container-demuxer-ogg: 62fdf1f143b41e24485cea50d1cbac27 -> 
  custom:video-decoder-ogg-theora: a1e56fd34408186e4bbccfd4996cb3dc -> 
  custom:framework-win-MediaFoundation: 216162199b28c13a410421893ffa2e32 -> 
  custom:CustomObjectIndexerAttribute: 43b350a4d6e6d1791af0b5038c4bea17 -> 
  custom:container-demuxer-webm: 4f35f7cbe854078d1ac9338744f61a02 -> 
  custom:container-muxer-webm: aa71ff27fc2769a1b78a27578f13a17b -> 
  custom:video-decoder-webm-vp8: 9c59270c3fd7afecdb556c50c9e8de78 -> 
  custom:SearchIndexIgnoredProperties: e643bd26f0fe6173181afceb89e7c659 -> 
  custom:AudioImporter_EditorPlatform: d09bf68614088b80899f8185d706f6e7 -> 
  custom:video-encoder-webm-vp8: eb34c28f22e8b96e1ab97ce403110664 -> 
  custom:audio-decoder-ogg-vorbis: bf7c407c2cedff20999df2af8eb42d56 -> 
  custom:audio-encoder-webm-vorbis: bf7c407c2cedff20999df2af8eb42d56 -> 
========================================================================
Received Import Request.
  Time since last request: 1981.401503 seconds.
  path: Assets/Team Coin Sprites/A_Evil Geniuses.png
  artifactKey: Guid(15a856108b6df5146ace6c0e654a01c2) Importer(815301076,1909f56bfc062723c751e8b465ee728b)
Start importing Assets/Team Coin Sprites/A_Evil Geniuses.png using Guid(15a856108b6df5146ace6c0e654a01c2) Importer(815301076,1909f56bfc062723c751e8b465ee728b)  -> (artifact id: 'b04b3418314aef1fa371005c1027d6a6') in 0.109443 seconds
Number of updated asset objects reloaded before import = 0
Number of asset objects unloaded after import = 3
========================================================================
Received Import Request.
  Time since last request: 0.000039 seconds.
  path: Assets/Team Coin Sprites/C_All Gamers.png
  artifactKey: Guid(e5ebefe1ff271fd4aa913b2e31249857) Importer(815301076,1909f56bfc062723c751e8b465ee728b)
Start importing Assets/Team Coin Sprites/C_All Gamers.png using Guid(e5ebefe1ff271fd4aa913b2e31249857) Importer(815301076,1909f56bfc062723c751e8b465ee728b)  -> (artifact id: 'e4c3d3803cc39d4b54c1cc7ea867805b') in 0.023572 seconds
Number of updated asset objects reloaded before import = 0
Number of asset objects unloaded after import = 3
========================================================================
Received Import Request.
  Time since last request: 0.000018 seconds.
  path: Assets/Team Coin Sprites/A_KRÜ Esports.png
  artifactKey: Guid(18c5fbe36d0c6c049a54933eb54c79cf) Importer(815301076,1909f56bfc062723c751e8b465ee728b)
Start importing Assets/Team Coin Sprites/A_KRÜ Esports.png using Guid(18c5fbe36d0c6c049a54933eb54c79cf) Importer(815301076,1909f56bfc062723c751e8b465ee728b)  -> (artifact id: '7bf7cd2109d1f9a893b8ceb6d4c59fcc') in 0.023417 seconds
Number of updated asset objects reloaded before import = 0
Number of asset objects unloaded after import = 3
========================================================================
Received Import Request.
  Time since last request: 0.000018 seconds.
  path: Assets/Team Coin Sprites/E_Movistar KOI.png
  artifactKey: Guid(cb3212bb3d2d95240a1a005594f87318) Importer(815301076,1909f56bfc062723c751e8b465ee728b)
Start importing Assets/Team Coin Sprites/E_Movistar KOI.png using Guid(cb3212bb3d2d95240a1a005594f87318) Importer(815301076,1909f56bfc062723c751e8b465ee728b)  -> (artifact id: '4b1c74131f41b7121de8e3a1b092de2c') in 0.022423 seconds
Number of updated asset objects reloaded before import = 0
Number of asset objects unloaded after import = 3
========================================================================
Received Import Request.
  Time since last request: 0.000018 seconds.
  path: Assets/Team Coin Sprites/A_100 Thieves.png
  artifactKey: Guid(e435d005ce0d99743aff5ea565c412aa) Importer(815301076,1909f56bfc062723c751e8b465ee728b)
Start importing Assets/Team Coin Sprites/A_100 Thieves.png using Guid(e435d005ce0d99743aff5ea565c412aa) Importer(815301076,1909f56bfc062723c751e8b465ee728b)  -> (artifact id: 'f0598b2fb9b212a5ba4a16c718d5503b') in 0.021508 seconds
Number of updated asset objects reloaded before import = 0
Number of asset objects unloaded after import = 3
========================================================================
Received Import Request.
  Time since last request: 0.000013 seconds.
  path: Assets/Team Sprites/A_MIBR.png
  artifactKey: Guid(ed1c7cb9efab303408b9f1eecd832b55) Importer(815301076,1909f56bfc062723c751e8b465ee728b)
Start importing Assets/Team Sprites/A_MIBR.png using Guid(ed1c7cb9efab303408b9f1eecd832b55) Importer(815301076,1909f56bfc062723c751e8b465ee728b)  -> (artifact id: '99f005f7e827f22ed77cc6c51fbae401') in 0.022937 seconds
Number of updated asset objects reloaded before import = 0
Number of asset objects unloaded after import = 3
========================================================================
Received Import Request.
  Time since last request: 0.000023 seconds.
  path: Assets/Team Sprites/A_Sentinels.png
  artifactKey: Guid(781c8b0504479734dab32a97d42dde6b) Importer(815301076,1909f56bfc062723c751e8b465ee728b)
Start importing Assets/Team Sprites/A_Sentinels.png using Guid(781c8b0504479734dab32a97d42dde6b) Importer(815301076,1909f56bfc062723c751e8b465ee728b)  -> (artifact id: '05e3273e1ed71fa0e4c2e069969d25da') in 0.020688 seconds
Number of updated asset objects reloaded before import = 0
Number of asset objects unloaded after import = 3
========================================================================
Received Import Request.
  Time since last request: 0.000022 seconds.
  path: Assets/Team Coin Sprites/A_NRG Esports.png
  artifactKey: Guid(2ff5dae17b1110b4f9a44eeabc3ffe02) Importer(815301076,1909f56bfc062723c751e8b465ee728b)
Start importing Assets/Team Coin Sprites/A_NRG Esports.png using Guid(2ff5dae17b1110b4f9a44eeabc3ffe02) Importer(815301076,1909f56bfc062723c751e8b465ee728b)  -> (artifact id: 'b95cbd63377684912d2c2d0734d2c075') in 0.021568 seconds
Number of updated asset objects reloaded before import = 0
Number of asset objects unloaded after import = 3
========================================================================
Received Import Request.
  Time since last request: 0.000018 seconds.
  path: Assets/Team Sprites/C_All Gamers.png
  artifactKey: Guid(b1002418b381e1146bc2fe921ed912ad) Importer(815301076,1909f56bfc062723c751e8b465ee728b)
Start importing Assets/Team Sprites/C_All Gamers.png using Guid(b1002418b381e1146bc2fe921ed912ad) Importer(815301076,1909f56bfc062723c751e8b465ee728b)  -> (artifact id: 'f48d8c62290082d30acb2d1e49023500') in 0.021263 seconds
Number of updated asset objects reloaded before import = 0
Number of asset objects unloaded after import = 3
========================================================================
Received Import Request.
  Time since last request: 0.000016 seconds.
  path: Assets/Team Coin Sprites/A_LOUD.png
  artifactKey: Guid(69ffc7c900189954184387891ada8c70) Importer(815301076,1909f56bfc062723c751e8b465ee728b)
Start importing Assets/Team Coin Sprites/A_LOUD.png using Guid(69ffc7c900189954184387891ada8c70) Importer(815301076,1909f56bfc062723c751e8b465ee728b)  -> (artifact id: '75aebb22ba0b160f01616428210fa5c9') in 0.020658 seconds
Number of updated asset objects reloaded before import = 0
Number of asset objects unloaded after import = 3
========================================================================
Received Import Request.
  Time since last request: 0.000014 seconds.
  path: Assets/Team Coin Sprites/A_G2 Esports.png
  artifactKey: Guid(5c8c1cef7da30744292d99454aa03e2d) Importer(815301076,1909f56bfc062723c751e8b465ee728b)
Start importing Assets/Team Coin Sprites/A_G2 Esports.png using Guid(5c8c1cef7da30744292d99454aa03e2d) Importer(815301076,1909f56bfc062723c751e8b465ee728b)  -> (artifact id: 'c07713fce5d7c39713b53cfab58c2fc0') in 0.022479 seconds
Number of updated asset objects reloaded before import = 0
Number of asset objects unloaded after import = 3
========================================================================
Received Import Request.
  Time since last request: 0.000019 seconds.
  path: Assets/Team Coin Sprites/A_Cloud9.png
  artifactKey: Guid(7b6d8c1a7a299724c99785e2282b3846) Importer(815301076,1909f56bfc062723c751e8b465ee728b)
Start importing Assets/Team Coin Sprites/A_Cloud9.png using Guid(7b6d8c1a7a299724c99785e2282b3846) Importer(815301076,1909f56bfc062723c751e8b465ee728b)  -> (artifact id: '51b7ed854df534cdac2129b55c10e253') in 0.018163 seconds
Number of updated asset objects reloaded before import = 0
Number of asset objects unloaded after import = 3
========================================================================
Received Prepare
Refreshing native plugins compatible for Editor in 4.42 ms, found 3 plugins.
Preloading 0 native plugins for Editor in 0.00 ms.
Unloading 0 Unused Serialized files (Serialized files now loaded: 0)
Unloading 1 unused Assets / (0.8 KB). Loaded Objects now: 3694.
Memory consumption went from 79.4 MB to 79.4 MB.
Total: 4.687900 ms (FindLiveObjects: 0.257400 ms CreateObjectMapping: 0.198600 ms MarkObjects: 4.181800 ms  DeleteObjects: 0.048800 ms)

Prepare: number of updated asset objects reloaded= 0
AssetImportParameters requested are different than current active one (requested -> active):
  custom:container-demuxer-ogg: 62fdf1f143b41e24485cea50d1cbac27 -> 
  custom:video-decoder-ogg-theora: a1e56fd34408186e4bbccfd4996cb3dc -> 
  custom:framework-win-MediaFoundation: 216162199b28c13a410421893ffa2e32 -> 
  custom:CustomObjectIndexerAttribute: 43b350a4d6e6d1791af0b5038c4bea17 -> 
  custom:container-demuxer-webm: 4f35f7cbe854078d1ac9338744f61a02 -> 
  custom:container-muxer-webm: aa71ff27fc2769a1b78a27578f13a17b -> 
  custom:video-decoder-webm-vp8: 9c59270c3fd7afecdb556c50c9e8de78 -> 
  custom:SearchIndexIgnoredProperties: e643bd26f0fe6173181afceb89e7c659 -> 
  custom:AudioImporter_EditorPlatform: d09bf68614088b80899f8185d706f6e7 -> 
  custom:video-encoder-webm-vp8: eb34c28f22e8b96e1ab97ce403110664 -> 
  custom:audio-decoder-ogg-vorbis: bf7c407c2cedff20999df2af8eb42d56 -> 
  custom:audio-encoder-webm-vorbis: bf7c407c2cedff20999df2af8eb42d56 -> 
========================================================================
Received Import Request.
  Time since last request: 52.751177 seconds.
  path: Assets/Team Sprites/C_Wolves Esports.png
  artifactKey: Guid(898df428bd764174a8241d03776abb79) Importer(815301076,1909f56bfc062723c751e8b465ee728b)
Start importing Assets/Team Sprites/C_Wolves Esports.png using Guid(898df428bd764174a8241d03776abb79) Importer(815301076,1909f56bfc062723c751e8b465ee728b)  -> (artifact id: '1f5e2769ff22dd1120d3ac6eff64b75a') in 0.026976 seconds
Number of updated asset objects reloaded before import = 0
Number of asset objects unloaded after import = 3
========================================================================
Received Import Request.
  Time since last request: 0.000019 seconds.
  path: Assets/Team Sprites/P_DetonatioN FocusMe.png
  artifactKey: Guid(40d319f3532285b418410d00ecdb46be) Importer(815301076,1909f56bfc062723c751e8b465ee728b)
Start importing Assets/Team Sprites/P_DetonatioN FocusMe.png using Guid(40d319f3532285b418410d00ecdb46be) Importer(815301076,1909f56bfc062723c751e8b465ee728b)  -> (artifact id: '469c790d8bb89074c9d3183ac748813f') in 0.024431 seconds
Number of updated asset objects reloaded before import = 0
Number of asset objects unloaded after import = 3
========================================================================
Received Import Request.
  Time since last request: 0.000063 seconds.
  path: Assets/Team Coin Sprites/E_Gentle Mates.png
  artifactKey: Guid(83e289cd24d6c6e439e5913b295db9f1) Importer(815301076,1909f56bfc062723c751e8b465ee728b)
Start importing Assets/Team Coin Sprites/E_Gentle Mates.png using Guid(83e289cd24d6c6e439e5913b295db9f1) Importer(815301076,1909f56bfc062723c751e8b465ee728b)  -> (artifact id: 'cc84ae67fe33470a948f88127c226dcd') in 0.026763 seconds
Number of updated asset objects reloaded before import = 0
Number of asset objects unloaded after import = 3
========================================================================
Received Import Request.
  Time since last request: 0.000014 seconds.
  path: Assets/Team Sprites/E_FUT Esports.png
  artifactKey: Guid(9b3d0f231de659d4186248b3d82c1c89) Importer(815301076,1909f56bfc062723c751e8b465ee728b)
Start importing Assets/Team Sprites/E_FUT Esports.png using Guid(9b3d0f231de659d4186248b3d82c1c89) Importer(815301076,1909f56bfc062723c751e8b465ee728b)  -> (artifact id: 'f2801144028e2d229722411940ee8ff9') in 0.022758 seconds
Number of updated asset objects reloaded before import = 0
Number of asset objects unloaded after import = 3
========================================================================
Received Import Request.
  Time since last request: 0.000022 seconds.
  path: Assets/Team Sprites/E_GIANTX.png
  artifactKey: Guid(c00bc0daff61cbd4fbf00b8fa09e7267) Importer(815301076,1909f56bfc062723c751e8b465ee728b)
Start importing Assets/Team Sprites/E_GIANTX.png using Guid(c00bc0daff61cbd4fbf00b8fa09e7267) Importer(815301076,1909f56bfc062723c751e8b465ee728b)  -> (artifact id: '5ef480ee6d7f3f37b536fc89d4239c15') in 0.023278 seconds
Number of updated asset objects reloaded before import = 0
Number of asset objects unloaded after import = 3
========================================================================
Received Import Request.
  Time since last request: 0.000073 seconds.
  path: Assets/Team Sprites/E_Team Liquid.png
  artifactKey: Guid(2509774e61f002c45a97ff8842f1a463) Importer(815301076,1909f56bfc062723c751e8b465ee728b)
Start importing Assets/Team Sprites/E_Team Liquid.png using Guid(2509774e61f002c45a97ff8842f1a463) Importer(815301076,1909f56bfc062723c751e8b465ee728b)  -> (artifact id: 'bf78253200e16d23399fcc1ad5a06a9c') in 0.022227 seconds
Number of updated asset objects reloaded before import = 0
Number of asset objects unloaded after import = 3
========================================================================
Received Import Request.
  Time since last request: 0.000016 seconds.
  path: Assets/Team Sprites/P_BLEED.png
  artifactKey: Guid(1bf522fa7a869b0429b6060afa2a23b6) Importer(815301076,1909f56bfc062723c751e8b465ee728b)
Start importing Assets/Team Sprites/P_BLEED.png using Guid(1bf522fa7a869b0429b6060afa2a23b6) Importer(815301076,1909f56bfc062723c751e8b465ee728b)  -> (artifact id: '0ce86a59dd7fd450ae705b635486990b') in 0.022265 seconds
Number of updated asset objects reloaded before import = 0
Number of asset objects unloaded after import = 3
========================================================================
Received Import Request.
  Time since last request: 0.000021 seconds.
  path: Assets/Team Coin Sprites/E_Team Heretics.png
  artifactKey: Guid(d5fcab87a2675f443abbe6548cd94bc8) Importer(815301076,1909f56bfc062723c751e8b465ee728b)
Start importing Assets/Team Coin Sprites/E_Team Heretics.png using Guid(d5fcab87a2675f443abbe6548cd94bc8) Importer(815301076,1909f56bfc062723c751e8b465ee728b)  -> (artifact id: 'b2a8e309b9b6836164bd026d19abf2b6') in 0.022558 seconds
Number of updated asset objects reloaded before import = 0
Number of asset objects unloaded after import = 3
========================================================================
Received Import Request.
  Time since last request: 0.000017 seconds.
  path: Assets/Team Coin Sprites/E_FUT Esports.png
  artifactKey: Guid(bb40769718621974b8a7690de7c33df8) Importer(815301076,1909f56bfc062723c751e8b465ee728b)
Start importing Assets/Team Coin Sprites/E_FUT Esports.png using Guid(bb40769718621974b8a7690de7c33df8) Importer(815301076,1909f56bfc062723c751e8b465ee728b)  -> (artifact id: 'ac075fc52df0f71f2ae4b824b35d8a6b') in 0.020648 seconds
Number of updated asset objects reloaded before import = 0
Number of asset objects unloaded after import = 3
========================================================================
Received Prepare
Refreshing native plugins compatible for Editor in 6.34 ms, found 3 plugins.
Preloading 0 native plugins for Editor in 0.00 ms.
Unloading 0 Unused Serialized files (Serialized files now loaded: 0)
Unloading 1 unused Assets / (0.8 KB). Loaded Objects now: 3694.
Memory consumption went from 79.5 MB to 79.5 MB.
Total: 4.488700 ms (FindLiveObjects: 0.346600 ms CreateObjectMapping: 0.310400 ms MarkObjects: 3.795600 ms  DeleteObjects: 0.034600 ms)

Prepare: number of updated asset objects reloaded= 0
AssetImportParameters requested are different than current active one (requested -> active):
  custom:container-demuxer-ogg: 62fdf1f143b41e24485cea50d1cbac27 -> 
  custom:video-decoder-ogg-theora: a1e56fd34408186e4bbccfd4996cb3dc -> 
  custom:framework-win-MediaFoundation: 216162199b28c13a410421893ffa2e32 -> 
  custom:CustomObjectIndexerAttribute: 43b350a4d6e6d1791af0b5038c4bea17 -> 
  custom:container-demuxer-webm: 4f35f7cbe854078d1ac9338744f61a02 -> 
  custom:container-muxer-webm: aa71ff27fc2769a1b78a27578f13a17b -> 
  custom:video-decoder-webm-vp8: 9c59270c3fd7afecdb556c50c9e8de78 -> 
  custom:SearchIndexIgnoredProperties: e643bd26f0fe6173181afceb89e7c659 -> 
  custom:AudioImporter_EditorPlatform: d09bf68614088b80899f8185d706f6e7 -> 
  custom:video-encoder-webm-vp8: eb34c28f22e8b96e1ab97ce403110664 -> 
  custom:audio-decoder-ogg-vorbis: bf7c407c2cedff20999df2af8eb42d56 -> 
  custom:audio-encoder-webm-vorbis: bf7c407c2cedff20999df2af8eb42d56 -> 
========================================================================
Received Import Request.
  Time since last request: 30.148180 seconds.
  path: Assets/Team Sprites/C_Titan Esports Club.png
  artifactKey: Guid(758ddaccd8335ea458e6fe3fb3263f2a) Importer(815301076,1909f56bfc062723c751e8b465ee728b)
Start importing Assets/Team Sprites/C_Titan Esports Club.png using Guid(758ddaccd8335ea458e6fe3fb3263f2a) Importer(815301076,1909f56bfc062723c751e8b465ee728b)  -> (artifact id: 'e6a6c4dc7f62406a3514357674a818af') in 0.046931 seconds
Number of updated asset objects reloaded before import = 0
Number of asset objects unloaded after import = 3
========================================================================
Received Import Request.
  Time since last request: 0.000020 seconds.
  path: Assets/Team Coin Sprites/C_Trace Esports.png
  artifactKey: Guid(8cb021814bbb9554ebb0fa1c7aa93a9c) Importer(815301076,1909f56bfc062723c751e8b465ee728b)
Start importing Assets/Team Coin Sprites/C_Trace Esports.png using Guid(8cb021814bbb9554ebb0fa1c7aa93a9c) Importer(815301076,1909f56bfc062723c751e8b465ee728b)  -> (artifact id: 'f6421bcc0fea42216fc9661e82b99ab4') in 0.021747 seconds
Number of updated asset objects reloaded before import = 0
Number of asset objects unloaded after import = 3
========================================================================
Received Prepare
Refreshing native plugins compatible for Editor in 7.02 ms, found 3 plugins.
Preloading 0 native plugins for Editor in 0.00 ms.
Unloading 0 Unused Serialized files (Serialized files now loaded: 0)
Unloading 1 unused Assets / (0.8 KB). Loaded Objects now: 3694.
Memory consumption went from 79.5 MB to 79.5 MB.
Total: 5.795100 ms (FindLiveObjects: 0.463300 ms CreateObjectMapping: 0.620700 ms MarkObjects: 4.685700 ms  DeleteObjects: 0.024200 ms)

Prepare: number of updated asset objects reloaded= 0
AssetImportParameters requested are different than current active one (requested -> active):
  custom:container-demuxer-ogg: 62fdf1f143b41e24485cea50d1cbac27 -> 
  custom:video-decoder-ogg-theora: a1e56fd34408186e4bbccfd4996cb3dc -> 
  custom:framework-win-MediaFoundation: 216162199b28c13a410421893ffa2e32 -> 
  custom:CustomObjectIndexerAttribute: 43b350a4d6e6d1791af0b5038c4bea17 -> 
  custom:container-demuxer-webm: 4f35f7cbe854078d1ac9338744f61a02 -> 
  custom:container-muxer-webm: aa71ff27fc2769a1b78a27578f13a17b -> 
  custom:video-decoder-webm-vp8: 9c59270c3fd7afecdb556c50c9e8de78 -> 
  custom:SearchIndexIgnoredProperties: e643bd26f0fe6173181afceb89e7c659 -> 
  custom:AudioImporter_EditorPlatform: d09bf68614088b80899f8185d706f6e7 -> 
  custom:video-encoder-webm-vp8: eb34c28f22e8b96e1ab97ce403110664 -> 
  custom:audio-decoder-ogg-vorbis: bf7c407c2cedff20999df2af8eb42d56 -> 
  custom:audio-encoder-webm-vorbis: bf7c407c2cedff20999df2af8eb42d56 -> 
========================================================================
Received Prepare
Refreshing native plugins compatible for Editor in 5.30 ms, found 3 plugins.
Preloading 0 native plugins for Editor in 0.00 ms.
Unloading 1 Unused Serialized files (Serialized files now loaded: 0)
Unloading 1 unused Assets / (3.0 KB). Loaded Objects now: 3694.
Memory consumption went from 79.8 MB to 79.8 MB.
Total: 3.545200 ms (FindLiveObjects: 0.334100 ms CreateObjectMapping: 0.223900 ms MarkObjects: 2.966400 ms  DeleteObjects: 0.020000 ms)

Prepare: number of updated asset objects reloaded= 0
AssetImportParameters requested are different than current active one (requested -> active):
  custom:container-demuxer-ogg: 62fdf1f143b41e24485cea50d1cbac27 -> 
  custom:video-decoder-ogg-theora: a1e56fd34408186e4bbccfd4996cb3dc -> 
  custom:framework-win-MediaFoundation: 216162199b28c13a410421893ffa2e32 -> 
  custom:CustomObjectIndexerAttribute: 43b350a4d6e6d1791af0b5038c4bea17 -> 
  custom:container-demuxer-webm: 4f35f7cbe854078d1ac9338744f61a02 -> 
  custom:container-muxer-webm: aa71ff27fc2769a1b78a27578f13a17b -> 
  custom:video-decoder-webm-vp8: 9c59270c3fd7afecdb556c50c9e8de78 -> 
  custom:SearchIndexIgnoredProperties: e643bd26f0fe6173181afceb89e7c659 -> 
  custom:AudioImporter_EditorPlatform: d09bf68614088b80899f8185d706f6e7 -> 
  custom:video-encoder-webm-vp8: eb34c28f22e8b96e1ab97ce403110664 -> 
  custom:audio-decoder-ogg-vorbis: bf7c407c2cedff20999df2af8eb42d56 -> 
  custom:audio-encoder-webm-vorbis: bf7c407c2cedff20999df2af8eb42d56 -> 
========================================================================
Received Prepare
Refreshing native plugins compatible for Editor in 4.90 ms, found 3 plugins.
Preloading 0 native plugins for Editor in 0.00 ms.
Unloading 1 Unused Serialized files (Serialized files now loaded: 0)
Unloading 1 unused Assets / (3.0 KB). Loaded Objects now: 3694.
Memory consumption went from 79.8 MB to 79.8 MB.
Total: 4.227200 ms (FindLiveObjects: 0.275200 ms CreateObjectMapping: 0.217700 ms MarkObjects: 3.691800 ms  DeleteObjects: 0.041200 ms)

Prepare: number of updated asset objects reloaded= 0
AssetImportParameters requested are different than current active one (requested -> active):
  custom:container-demuxer-ogg: 62fdf1f143b41e24485cea50d1cbac27 -> 
  custom:video-decoder-ogg-theora: a1e56fd34408186e4bbccfd4996cb3dc -> 
  custom:framework-win-MediaFoundation: 216162199b28c13a410421893ffa2e32 -> 
  custom:CustomObjectIndexerAttribute: 43b350a4d6e6d1791af0b5038c4bea17 -> 
  custom:container-demuxer-webm: 4f35f7cbe854078d1ac9338744f61a02 -> 
  custom:container-muxer-webm: aa71ff27fc2769a1b78a27578f13a17b -> 
  custom:video-decoder-webm-vp8: 9c59270c3fd7afecdb556c50c9e8de78 -> 
  custom:SearchIndexIgnoredProperties: e643bd26f0fe6173181afceb89e7c659 -> 
  custom:AudioImporter_EditorPlatform: d09bf68614088b80899f8185d706f6e7 -> 
  custom:video-encoder-webm-vp8: eb34c28f22e8b96e1ab97ce403110664 -> 
  custom:audio-decoder-ogg-vorbis: bf7c407c2cedff20999df2af8eb42d56 -> 
  custom:audio-encoder-webm-vorbis: bf7c407c2cedff20999df2af8eb42d56 -> 
========================================================================
Received Prepare
Begin MonoManager ReloadAssembly
- Loaded All Assemblies, in  0.605 seconds
Refreshing native plugins compatible for Editor in 5.43 ms, found 3 plugins.
Native extension for WindowsStandalone target not found
Native extension for WebGL target not found
[Package Manager] Server::EnsureServerProcessIsRunning -- launch failed, reason: Unity was launched with the -noUpm command-line argument
[Package Manager] UpmClient::Send -- Unable to send message (not connected to UPM process).
[Package Manager] Cannot connect to Unity Package Manager local server
Mono: successfully reloaded assembly
- Finished resetting the current domain, in  1.038 seconds
Domain Reload Profiling: 1640ms
	BeginReloadAssembly (169ms)
		ExecutionOrderSort (0ms)
		DisableScriptedObjects (5ms)
		BackupInstance (0ms)
		ReleaseScriptingObjects (0ms)
		CreateAndSetChildDomain (34ms)
	RebuildCommonClasses (41ms)
	RebuildNativeTypeToScriptingClass (17ms)
	initialDomainReloadingComplete (35ms)
	LoadAllAssembliesAndSetupDomain (339ms)
		LoadAssemblies (320ms)
		RebuildTransferFunctionScriptingTraits (0ms)
		AnalyzeDomain (116ms)
			TypeCache.Refresh (88ms)
				TypeCache.ScanAssembly (76ms)
			ScanForSourceGeneratedMonoScriptInfo (18ms)
			ResolveRequiredComponents (7ms)
	FinalizeReload (1038ms)
		ReleaseScriptCaches (0ms)
		RebuildScriptCaches (0ms)
		SetupLoadedEditorAssemblies (400ms)
			LogAssemblyErrors (0ms)
			InitializePlatformSupportModulesInManaged (8ms)
			SetLoadedEditorAssemblies (4ms)
			RefreshPlugins (0ms)
			BeforeProcessingInitializeOnLoad (67ms)
			ProcessInitializeOnLoadAttributes (285ms)
			ProcessInitializeOnLoadMethodAttributes (25ms)
			AfterProcessingInitializeOnLoad (11ms)
			EditorAssembliesLoaded (0ms)
		ExecutionOrderSort2 (0ms)
		AwakeInstancesAfterBackupRestoration (9ms)
Refreshing native plugins compatible for Editor in 3.63 ms, found 3 plugins.
Preloading 0 native plugins for Editor in 0.00 ms.
Unloading 3204 Unused Serialized files (Serialized files now loaded: 0)
Unloading 23 unused Assets / (31.2 KB). Loaded Objects now: 3696.
Memory consumption went from 131.1 MB to 131.1 MB.
Total: 4.162300 ms (FindLiveObjects: 0.246800 ms CreateObjectMapping: 0.191100 ms MarkObjects: 3.676200 ms  DeleteObjects: 0.047200 ms)

Prepare: number of updated asset objects reloaded= 0
AssetImportParameters requested are different than current active one (requested -> active):
  custom:container-demuxer-ogg: 62fdf1f143b41e24485cea50d1cbac27 -> 
  custom:video-decoder-ogg-theora: a1e56fd34408186e4bbccfd4996cb3dc -> 
  custom:framework-win-MediaFoundation: 216162199b28c13a410421893ffa2e32 -> 
  custom:CustomObjectIndexerAttribute: 43b350a4d6e6d1791af0b5038c4bea17 -> 
  custom:container-demuxer-webm: 4f35f7cbe854078d1ac9338744f61a02 -> 
  custom:container-muxer-webm: aa71ff27fc2769a1b78a27578f13a17b -> 
  custom:video-decoder-webm-vp8: 9c59270c3fd7afecdb556c50c9e8de78 -> 
  custom:SearchIndexIgnoredProperties: e643bd26f0fe6173181afceb89e7c659 -> 
  custom:AudioImporter_EditorPlatform: d09bf68614088b80899f8185d706f6e7 -> 
  custom:video-encoder-webm-vp8: eb34c28f22e8b96e1ab97ce403110664 -> 
  custom:audio-decoder-ogg-vorbis: bf7c407c2cedff20999df2af8eb42d56 -> 
  custom:audio-encoder-webm-vorbis: bf7c407c2cedff20999df2af8eb42d56 -> 
========================================================================
Received Prepare
Refreshing native plugins compatible for Editor in 4.64 ms, found 3 plugins.
Preloading 0 native plugins for Editor in 0.00 ms.
Unloading 1 Unused Serialized files (Serialized files now loaded: 0)
Unloading 1 unused Assets / (3.0 KB). Loaded Objects now: 3696.
Memory consumption went from 81.6 MB to 81.6 MB.
Total: 3.735500 ms (FindLiveObjects: 0.256300 ms CreateObjectMapping: 0.185600 ms MarkObjects: 3.270600 ms  DeleteObjects: 0.021700 ms)

Prepare: number of updated asset objects reloaded= 0
AssetImportParameters requested are different than current active one (requested -> active):
  custom:container-demuxer-ogg: 62fdf1f143b41e24485cea50d1cbac27 -> 
  custom:video-decoder-ogg-theora: a1e56fd34408186e4bbccfd4996cb3dc -> 
  custom:framework-win-MediaFoundation: 216162199b28c13a410421893ffa2e32 -> 
  custom:CustomObjectIndexerAttribute: 43b350a4d6e6d1791af0b5038c4bea17 -> 
  custom:container-demuxer-webm: 4f35f7cbe854078d1ac9338744f61a02 -> 
  custom:container-muxer-webm: aa71ff27fc2769a1b78a27578f13a17b -> 
  custom:video-decoder-webm-vp8: 9c59270c3fd7afecdb556c50c9e8de78 -> 
  custom:SearchIndexIgnoredProperties: e643bd26f0fe6173181afceb89e7c659 -> 
  custom:AudioImporter_EditorPlatform: d09bf68614088b80899f8185d706f6e7 -> 
  custom:video-encoder-webm-vp8: eb34c28f22e8b96e1ab97ce403110664 -> 
  custom:audio-decoder-ogg-vorbis: bf7c407c2cedff20999df2af8eb42d56 -> 
  custom:audio-encoder-webm-vorbis: bf7c407c2cedff20999df2af8eb42d56 -> 
